<?xml version="1.0" encoding="UTF-8"?>
<testng-results ignored="0" total="1" passed="1" failed="0" skipped="0">
  <reporter-output>
  </reporter-output>
  <suite started-at="2021-08-05T12:22:17Z" name="Suite" finished-at="2021-08-05T12:22:33Z" duration-ms="16280">
    <groups>
    </groups>
    <test started-at="2021-08-05T12:22:17Z" name="Test" finished-at="2021-08-05T12:22:33Z" duration-ms="16280">
      <class name="google.GoogleTest">
        <test-method signature="getdata()[pri:0, instance:google.GoogleTest@71e693fa]" started-at="2021-08-05T12:22:17Z" name="getdata" finished-at="2021-08-05T12:22:33Z" duration-ms="16225" status="PASS">
          <reporter-output>
          </reporter-output>
        </test-method> <!-- getdata -->
      </class> <!-- google.GoogleTest -->
    </test> <!-- Test -->
  </suite> <!-- Suite -->
</testng-results>
